<?xml version="1.0" encoding="UTF-8"?>
<!-- Generated by org.testng.reporters.JUnitXMLReporter -->
<testsuite ignored="4" hostname="LAPTOP-59C64042" failures="0" tests="1" name="Default test" time="10.625" errors="0" timestamp="2025-06-15T10:02:55 IST">
  <testcase classname="com.loginPageTC.LoginPageTestCase" name="ToVerifySuccessfulLoginWithValidCredWithFrameWork" time="4.916"/>
  <testcase classname="com.loginPageTC.LoginPageTestCase" name="ToVerifySuccessfulLoginWithInValidCredWithFrameWork" time="0.0">
    <ignored/>
  </testcase> <!-- ToVerifySuccessfulLoginWithInValidCredWithFrameWork -->
  <testcase classname="com.loginPageTC.LoginPageTestCase" name="ToVerifySuccessfulLoginWithValidCred" time="0.0">
    <ignored/>
  </testcase> <!-- ToVerifySuccessfulLoginWithValidCred -->
  <testcase classname="com.loginPageTC.LoginPageTestCase" name="ToVerifySuccessfulLoginWithInValidCred" time="0.0">
    <ignored/>
  </testcase> <!-- ToVerifySuccessfulLoginWithInValidCred -->
  <testcase classname="com.loginPageTC.LoginPageTestCase" name="ToVerifySuccessfulLoginWithValidCredWithPropertiesFile" time="0.0">
    <ignored/>
  </testcase> <!-- ToVerifySuccessfulLoginWithValidCredWithPropertiesFile -->
</testsuite> <!-- Default test -->
