<?xml version="1.0" encoding="UTF-8"?>
<testng-results ignored="0" total="1" passed="1" failed="0" skipped="0">
  <reporter-output>
  </reporter-output>
  <suite started-at="2025-06-15T10:02:45 IST" name="Default suite" finished-at="2025-06-15T10:02:55 IST" duration-ms="10625">
    <groups>
    </groups>
    <test started-at="2025-06-15T10:02:45 IST" name="Default test" finished-at="2025-06-15T10:02:55 IST" duration-ms="10625">
      <class name="com.loginPageTC.LoginPageTestCase">
        <test-method is-config="true" signature="BrowserSetUp()[pri:0, instance:com.loginPageTC.LoginPageTestCase@59d4cd39]" started-at="2025-06-15T10:02:45 IST" name="BrowserSetUp" finished-at="2025-06-15T10:02:50 IST" duration-ms="5311" status="PASS">
          <reporter-output>
          </reporter-output>
        </test-method> <!-- BrowserSetUp -->
        <test-method signature="ToVerifySuccessfulLoginWithValidCredWithFrameWork()[pri:0, instance:com.loginPageTC.LoginPageTestCase@59d4cd39]" started-at="2025-06-15T10:02:50 IST" name="ToVerifySuccessfulLoginWithValidCredWithFrameWork" finished-at="2025-06-15T10:02:55 IST" duration-ms="4916" status="PASS">
          <reporter-output>
          </reporter-output>
        </test-method> <!-- ToVerifySuccessfulLoginWithValidCredWithFrameWork -->
        <test-method is-config="true" signature="TearDown()[pri:0, instance:com.loginPageTC.LoginPageTestCase@59d4cd39]" started-at="2025-06-15T10:02:55 IST" name="TearDown" finished-at="2025-06-15T10:02:55 IST" duration-ms="202" status="PASS">
          <reporter-output>
          </reporter-output>
        </test-method> <!-- TearDown -->
      </class> <!-- com.loginPageTC.LoginPageTestCase -->
    </test> <!-- Default test -->
  </suite> <!-- Default suite -->
</testng-results>
